mode: set
github.com/jomcgi/homelab/operators/cloudflare/cmd/manager/main.go:24.13,26.2 1 0
github.com/jomcgi/homelab/operators/cloudflare/cmd/manager/main.go:28.13,52.16 12 0
github.com/jomcgi/homelab/operators/cloudflare/cmd/manager/main.go:52.16,55.3 2 0
github.com/jomcgi/homelab/operators/cloudflare/cmd/manager/main.go:58.2,59.16 2 0
github.com/jomcgi/homelab/operators/cloudflare/cmd/manager/main.go:59.16,62.3 2 0
github.com/jomcgi/homelab/operators/cloudflare/cmd/manager/main.go:64.2,68.39 1 0
github.com/jomcgi/homelab/operators/cloudflare/cmd/manager/main.go:68.39,71.3 2 0
github.com/jomcgi/homelab/operators/cloudflare/cmd/manager/main.go:73.2,73.69 1 0
github.com/jomcgi/homelab/operators/cloudflare/cmd/manager/main.go:73.69,76.3 2 0
github.com/jomcgi/homelab/operators/cloudflare/cmd/manager/main.go:77.2,77.67 1 0
github.com/jomcgi/homelab/operators/cloudflare/cmd/manager/main.go:77.67,80.3 2 0
github.com/jomcgi/homelab/operators/cloudflare/cmd/manager/main.go:82.2,83.61 2 0
github.com/jomcgi/homelab/operators/cloudflare/cmd/manager/main.go:83.61,86.3 2 0
github.com/jomcgi/homelab/operators/cloudflare/cmd/test-policy/main.go:15.13,18.16 2 0
github.com/jomcgi/homelab/operators/cloudflare/cmd/test-policy/main.go:18.16,20.3 1 0
github.com/jomcgi/homelab/operators/cloudflare/cmd/test-policy/main.go:22.2,27.53 2 0
github.com/jomcgi/homelab/operators/cloudflare/cmd/test-policy/main.go:27.53,29.3 1 0
github.com/jomcgi/homelab/operators/cloudflare/cmd/test-policy/main.go:31.2,39.31 5 0
github.com/jomcgi/homelab/operators/cloudflare/cmd/test-policy/main.go:39.31,47.3 2 0
github.com/jomcgi/homelab/operators/cloudflare/cmd/test-policy/main.go:49.2,55.16 2 0
github.com/jomcgi/homelab/operators/cloudflare/cmd/test-policy/main.go:55.16,58.3 2 0
github.com/jomcgi/homelab/operators/cloudflare/cmd/test-policy/main.go:60.2,66.16 3 0
github.com/jomcgi/homelab/operators/cloudflare/cmd/test-policy/main.go:66.16,68.3 1 0
github.com/jomcgi/homelab/operators/cloudflare/cmd/test-policy/main.go:68.8,70.3 1 0
github.com/jomcgi/homelab/operators/cloudflare/cmd/test-v3/main.go:15.13,18.16 2 0
github.com/jomcgi/homelab/operators/cloudflare/cmd/test-v3/main.go:18.16,20.3 1 0
github.com/jomcgi/homelab/operators/cloudflare/cmd/test-v3/main.go:22.2,27.53 2 0
github.com/jomcgi/homelab/operators/cloudflare/cmd/test-v3/main.go:27.53,29.3 1 0
github.com/jomcgi/homelab/operators/cloudflare/cmd/test-v3/main.go:31.2,48.16 5 0
github.com/jomcgi/homelab/operators/cloudflare/cmd/test-v3/main.go:48.16,51.3 2 0
github.com/jomcgi/homelab/operators/cloudflare/cmd/test-v3/main.go:53.2,59.16 3 0
github.com/jomcgi/homelab/operators/cloudflare/cmd/test-v3/main.go:59.16,61.3 1 0
github.com/jomcgi/homelab/operators/cloudflare/cmd/test-v3/main.go:61.8,63.3 1 0
github.com/jomcgi/homelab/operators/cloudflare/internal/controller/service_controller.go:40.99,44.65 3 0
github.com/jomcgi/homelab/operators/cloudflare/internal/controller/service_controller.go:44.65,46.3 1 0
github.com/jomcgi/homelab/operators/cloudflare/internal/controller/service_controller.go:48.2,49.20 2 0
github.com/jomcgi/homelab/operators/cloudflare/internal/controller/service_controller.go:49.20,51.3 1 0
github.com/jomcgi/homelab/operators/cloudflare/internal/controller/service_controller.go:54.2,54.38 1 0
github.com/jomcgi/homelab/operators/cloudflare/internal/controller/service_controller.go:54.38,56.3 1 0
github.com/jomcgi/homelab/operators/cloudflare/internal/controller/service_controller.go:58.2,61.69 2 0
github.com/jomcgi/homelab/operators/cloudflare/internal/controller/service_controller.go:61.69,63.49 2 0
github.com/jomcgi/homelab/operators/cloudflare/internal/controller/service_controller.go:63.49,66.4 2 0
github.com/jomcgi/homelab/operators/cloudflare/internal/controller/service_controller.go:67.3,67.41 1 0
github.com/jomcgi/homelab/operators/cloudflare/internal/controller/service_controller.go:70.2,71.19 2 0
github.com/jomcgi/homelab/operators/cloudflare/internal/controller/service_controller.go:71.19,72.69 1 0
github.com/jomcgi/homelab/operators/cloudflare/internal/controller/service_controller.go:72.69,75.4 2 0
github.com/jomcgi/homelab/operators/cloudflare/internal/controller/service_controller.go:78.2,79.22 2 0
github.com/jomcgi/homelab/operators/cloudflare/internal/controller/service_controller.go:79.22,80.55 1 0
github.com/jomcgi/homelab/operators/cloudflare/internal/controller/service_controller.go:80.55,83.4 2 0
github.com/jomcgi/homelab/operators/cloudflare/internal/controller/service_controller.go:86.2,86.27 1 0
github.com/jomcgi/homelab/operators/cloudflare/internal/controller/service_controller.go:89.108,97.64 5 0
github.com/jomcgi/homelab/operators/cloudflare/internal/controller/service_controller.go:97.64,100.3 2 0
github.com/jomcgi/homelab/operators/cloudflare/internal/controller/service_controller.go:102.2,106.21 3 0
github.com/jomcgi/homelab/operators/cloudflare/internal/controller/service_controller.go:106.21,111.17 3 0
github.com/jomcgi/homelab/operators/cloudflare/internal/controller/service_controller.go:111.17,113.4 1 0
github.com/jomcgi/homelab/operators/cloudflare/internal/controller/service_controller.go:115.3,116.112 2 0
github.com/jomcgi/homelab/operators/cloudflare/internal/controller/service_controller.go:118.8,118.35 1 0
github.com/jomcgi/homelab/operators/cloudflare/internal/controller/service_controller.go:118.35,123.75 2 0
github.com/jomcgi/homelab/operators/cloudflare/internal/controller/service_controller.go:123.75,125.4 1 0
github.com/jomcgi/homelab/operators/cloudflare/internal/controller/service_controller.go:127.3,127.23 1 0
github.com/jomcgi/homelab/operators/cloudflare/internal/controller/service_controller.go:127.23,129.4 1 0
github.com/jomcgi/homelab/operators/cloudflare/internal/controller/service_controller.go:132.3,134.17 3 0
github.com/jomcgi/homelab/operators/cloudflare/internal/controller/service_controller.go:134.17,137.4 2 0
github.com/jomcgi/homelab/operators/cloudflare/internal/controller/service_controller.go:139.3,140.141 2 0
github.com/jomcgi/homelab/operators/cloudflare/internal/controller/service_controller.go:142.8,144.3 1 0
github.com/jomcgi/homelab/operators/cloudflare/internal/controller/service_controller.go:147.2,149.16 3 0
github.com/jomcgi/homelab/operators/cloudflare/internal/controller/service_controller.go:149.16,152.48 2 0
github.com/jomcgi/homelab/operators/cloudflare/internal/controller/service_controller.go:152.48,154.4 1 0
github.com/jomcgi/homelab/operators/cloudflare/internal/controller/service_controller.go:155.3,155.13 1 0
github.com/jomcgi/homelab/operators/cloudflare/internal/controller/service_controller.go:159.2,159.32 1 0
github.com/jomcgi/homelab/operators/cloudflare/internal/controller/service_controller.go:159.32,161.3 1 0
github.com/jomcgi/homelab/operators/cloudflare/internal/controller/service_controller.go:162.2,165.47 2 0
github.com/jomcgi/homelab/operators/cloudflare/internal/controller/service_controller.go:165.47,167.3 1 0
github.com/jomcgi/homelab/operators/cloudflare/internal/controller/service_controller.go:169.2,169.47 1 0
github.com/jomcgi/homelab/operators/cloudflare/internal/controller/service_controller.go:169.47,173.48 3 0
github.com/jomcgi/homelab/operators/cloudflare/internal/controller/service_controller.go:173.48,175.4 1 0
github.com/jomcgi/homelab/operators/cloudflare/internal/controller/service_controller.go:176.3,176.13 1 0
github.com/jomcgi/homelab/operators/cloudflare/internal/controller/service_controller.go:179.2,179.21 1 0
github.com/jomcgi/homelab/operators/cloudflare/internal/controller/service_controller.go:179.21,181.3 1 0
github.com/jomcgi/homelab/operators/cloudflare/internal/controller/service_controller.go:181.8,183.3 1 0
github.com/jomcgi/homelab/operators/cloudflare/internal/controller/service_controller.go:185.2,185.12 1 0
github.com/jomcgi/homelab/operators/cloudflare/internal/controller/service_controller.go:188.94,200.2 6 0
github.com/jomcgi/homelab/operators/cloudflare/internal/controller/service_controller.go:202.111,208.64 3 0
github.com/jomcgi/homelab/operators/cloudflare/internal/controller/service_controller.go:208.64,210.80 2 0
github.com/jomcgi/homelab/operators/cloudflare/internal/controller/service_controller.go:210.80,213.4 1 0
github.com/jomcgi/homelab/operators/cloudflare/internal/controller/service_controller.go:213.9,215.4 1 0
github.com/jomcgi/homelab/operators/cloudflare/internal/controller/service_controller.go:219.2,219.73 1 0
github.com/jomcgi/homelab/operators/cloudflare/internal/controller/service_controller.go:219.73,221.78 2 0
github.com/jomcgi/homelab/operators/cloudflare/internal/controller/service_controller.go:221.78,224.4 1 0
github.com/jomcgi/homelab/operators/cloudflare/internal/controller/service_controller.go:224.9,226.4 1 0
github.com/jomcgi/homelab/operators/cloudflare/internal/controller/service_controller.go:232.2,233.47 2 0
github.com/jomcgi/homelab/operators/cloudflare/internal/controller/service_controller.go:233.47,236.3 2 0
github.com/jomcgi/homelab/operators/cloudflare/internal/controller/service_controller.go:238.2,239.27 2 0
github.com/jomcgi/homelab/operators/cloudflare/internal/controller/service_controller.go:243.52,244.29 1 0
github.com/jomcgi/homelab/operators/cloudflare/internal/controller/service_controller.go:244.29,245.16 1 0
github.com/jomcgi/homelab/operators/cloudflare/internal/controller/service_controller.go:245.16,247.4 1 0
github.com/jomcgi/homelab/operators/cloudflare/internal/controller/service_controller.go:249.2,249.14 1 0
github.com/jomcgi/homelab/operators/cloudflare/internal/controller/service_controller.go:252.54,254.29 2 0
github.com/jomcgi/homelab/operators/cloudflare/internal/controller/service_controller.go:254.29,255.16 1 0
github.com/jomcgi/homelab/operators/cloudflare/internal/controller/service_controller.go:255.16,257.4 1 0
github.com/jomcgi/homelab/operators/cloudflare/internal/controller/service_controller.go:259.2,259.15 1 0
github.com/jomcgi/homelab/operators/cloudflare/internal/controller/service_controller.go:263.107,275.60 5 0
github.com/jomcgi/homelab/operators/cloudflare/internal/controller/service_controller.go:275.60,277.61 1 0
github.com/jomcgi/homelab/operators/cloudflare/internal/controller/service_controller.go:277.61,279.69 2 0
github.com/jomcgi/homelab/operators/cloudflare/internal/controller/service_controller.go:279.69,281.5 1 0
github.com/jomcgi/homelab/operators/cloudflare/internal/controller/service_controller.go:283.8,285.3 1 0
github.com/jomcgi/homelab/operators/cloudflare/internal/controller/service_controller.go:288.2,288.22 1 0
github.com/jomcgi/homelab/operators/cloudflare/internal/controller/service_controller.go:288.22,295.70 2 0
github.com/jomcgi/homelab/operators/cloudflare/internal/controller/service_controller.go:295.70,298.4 2 0
github.com/jomcgi/homelab/operators/cloudflare/internal/controller/service_controller.go:298.9,300.4 1 0
github.com/jomcgi/homelab/operators/cloudflare/internal/controller/service_controller.go:303.2,303.22 1 0
github.com/jomcgi/homelab/operators/cloudflare/internal/controller/service_controller.go:303.22,305.3 1 0
github.com/jomcgi/homelab/operators/cloudflare/internal/controller/service_controller.go:308.2,310.16 3 0
github.com/jomcgi/homelab/operators/cloudflare/internal/controller/service_controller.go:310.16,312.3 1 0
github.com/jomcgi/homelab/operators/cloudflare/internal/controller/service_controller.go:314.2,315.23 2 0
github.com/jomcgi/homelab/operators/cloudflare/internal/controller/service_controller.go:318.70,322.2 1 0
github.com/jomcgi/homelab/operators/cloudflare/internal/controller/tunnel_controller.go:27.98,36.21 4 0
github.com/jomcgi/homelab/operators/cloudflare/internal/controller/tunnel_controller.go:36.21,38.3 1 0
github.com/jomcgi/homelab/operators/cloudflare/internal/controller/tunnel_controller.go:46.2,48.57 2 0
github.com/jomcgi/homelab/operators/cloudflare/internal/controller/tunnel_controller.go:51.81,58.2 3 0
github.com/jomcgi/homelab/operators/cloudflare/internal/controller/tunnel_controller.go:60.155,146.2 2 0
github.com/jomcgi/homelab/operators/cloudflare/internal/controller/tunnel_controller.go:148.69,154.2 1 0
github.com/jomcgi/homelab/operators/cloudflare/internal/controller/zerotrust_controller.go:23.112,32.21 4 0
github.com/jomcgi/homelab/operators/cloudflare/internal/controller/zerotrust_controller.go:32.21,34.3 1 0
github.com/jomcgi/homelab/operators/cloudflare/internal/controller/zerotrust_controller.go:42.2,44.57 2 0
github.com/jomcgi/homelab/operators/cloudflare/internal/controller/zerotrust_controller.go:47.120,53.16 4 0
github.com/jomcgi/homelab/operators/cloudflare/internal/controller/zerotrust_controller.go:53.16,55.3 1 0
github.com/jomcgi/homelab/operators/cloudflare/internal/controller/zerotrust_controller.go:57.2,58.12 2 0
github.com/jomcgi/homelab/operators/cloudflare/internal/controller/zerotrust_controller.go:61.83,67.2 1 0
github.com/jomcgi/homelab/operators/cloudflare/internal/cloudflare/client.go:18.35,20.17 2 0
github.com/jomcgi/homelab/operators/cloudflare/internal/cloudflare/client.go:20.17,22.3 1 0
github.com/jomcgi/homelab/operators/cloudflare/internal/cloudflare/client.go:24.2,25.21 2 0
github.com/jomcgi/homelab/operators/cloudflare/internal/cloudflare/client.go:25.21,27.3 1 0
github.com/jomcgi/homelab/operators/cloudflare/internal/cloudflare/client.go:30.2,37.8 2 0
github.com/jomcgi/homelab/operators/cloudflare/internal/cloudflare/client.go:41.146,44.20 2 0
github.com/jomcgi/homelab/operators/cloudflare/internal/cloudflare/client.go:44.20,49.3 2 0
github.com/jomcgi/homelab/operators/cloudflare/internal/cloudflare/client.go:51.2,61.16 2 0
github.com/jomcgi/homelab/operators/cloudflare/internal/cloudflare/client.go:61.16,63.3 1 0
github.com/jomcgi/homelab/operators/cloudflare/internal/cloudflare/client.go:65.2,65.25 1 0
github.com/jomcgi/homelab/operators/cloudflare/internal/cloudflare/client.go:69.100,73.2 1 0
github.com/jomcgi/homelab/operators/cloudflare/internal/cloudflare/client.go:76.133,79.31 2 0
github.com/jomcgi/homelab/operators/cloudflare/internal/cloudflare/client.go:79.31,86.3 2 0
github.com/jomcgi/homelab/operators/cloudflare/internal/cloudflare/client.go:88.2,94.16 2 0
github.com/jomcgi/homelab/operators/cloudflare/internal/cloudflare/client.go:94.16,96.3 1 0
github.com/jomcgi/homelab/operators/cloudflare/internal/cloudflare/client.go:98.2,98.20 1 0
github.com/jomcgi/homelab/operators/cloudflare/internal/cloudflare/client.go:102.81,106.16 2 0
github.com/jomcgi/homelab/operators/cloudflare/internal/cloudflare/client.go:106.16,108.3 1 0
github.com/jomcgi/homelab/operators/cloudflare/internal/cloudflare/client.go:110.2,110.12 1 0
github.com/jomcgi/homelab/operators/cloudflare/internal/cloudflare/client.go:114.83,118.16 2 0
github.com/jomcgi/homelab/operators/cloudflare/internal/cloudflare/client.go:118.16,120.3 1 0
github.com/jomcgi/homelab/operators/cloudflare/internal/cloudflare/client.go:122.2,122.12 1 0
